<?xml version="1.0" encoding="UTF-8"?>
<!-- Generated by org.testng.reporters.JUnitReportReporter -->
<testsuite hostname="Satkars-MBP" failures="0" tests="2" name="TestNG.Day1" time="0.009" errors="0" timestamp="2021-06-25T15:46:40 IST" skipped="0">
  <testcase classname="TestNG.Day1" name="Demo" time="0.008"/>
  <system-out/>
  <testcase classname="TestNG.Day1" name="demo2" time="0.001"/>
  <system-out/>
</testsuite> <!-- TestNG.Day1 -->
