<?xml version="1.0" encoding="UTF-8"?>
<!-- Generated by org.testng.reporters.JUnitReportReporter -->
<testsuite hostname="Satkars-MBP" failures="0" tests="2" name="TestNG.Day4" time="0.002" errors="0" timestamp="2021-06-25T15:46:40 IST" skipped="0">
  <testcase classname="TestNG.Day4" name="mobilelogin" time="0.001"/>
  <system-out/>
  <testcase classname="TestNG.Day4" name="mobileapi" time="0.001"/>
  <system-out/>
</testsuite> <!-- TestNG.Day4 -->
