<?xml version="1.0" encoding="UTF-8"?>
<!-- Generated by org.testng.reporters.JUnitReportReporter -->
<testsuite hostname="Satkars-MBP" failures="0" tests="3" name="TestNG.Day3" time="0.003" errors="0" timestamp="2021-06-25T15:46:40 IST" skipped="0">
  <testcase classname="TestNG.Day3" name="weblogout" time="0.001"/>
  <system-out/>
  <testcase classname="TestNG.Day3" name="webapi" time="0.001"/>
  <system-out/>
  <testcase classname="TestNG.Day3" name="weblogin" time="0.001"/>
  <system-out/>
</testsuite> <!-- TestNG.Day3 -->
