<?xml version="1.0" encoding="UTF-8"?>
<!-- Generated by org.testng.reporters.JUnitReportReporter -->
<testsuite hostname="Satkars-MBP" failures="0" tests="1" name="TestNG.Day2" time="0.001" errors="0" timestamp="2021-06-25T15:46:40 IST" skipped="0">
  <testcase classname="TestNG.Day2" name="Demo3" time="0.001"/>
  <system-out/>
</testsuite> <!-- TestNG.Day2 -->
